<?xml version="1.0" encoding="UTF-8"?>
<!-- Generated by org.testng.reporters.JUnitReportReporter -->
<testsuite hostname="LAPTOP-NCHBTCTP" failures="0" tests="1" name="TestCase.TC_001_Registration" time="6.055" errors="0" timestamp="2024-03-08T16:49:02 IST" skipped="0">
  <testcase classname="TestCase.TC_001_Registration" name="AcctReg" time="6.055"/>
</testsuite> <!-- TestCase.TC_001_Registration -->
